{"/home/developer/IdeaProjects/react-redux-boilerplate/app/configureStore.js": {"path":"/home/developer/IdeaProjects/react-redux-boilerplate/app/configureStore.js","statementMap":{"0":{"start":{"line":11,"column":23},"end":{"line":11,"column":45}},"1":{"start":{"line":17,"column":22},"end":{"line":20,"column":3}},"2":{"start":{"line":22,"column":20},"end":{"line":24,"column":3}},"3":{"start":{"line":29,"column":4},"end":{"line":37,"column":15}},"4":{"start":{"line":40,"column":16},"end":{"line":44,"column":3}},"5":{"start":{"line":47,"column":2},"end":{"line":47,"column":37}},"6":{"start":{"line":48,"column":2},"end":{"line":48,"column":30}},"7":{"start":{"line":49,"column":2},"end":{"line":49,"column":27}},"8":{"start":{"line":59,"column":2},"end":{"line":59,"column":15}}},"fnMap":{"0":{"name":"configureStore","decl":{"start":{"line":13,"column":24},"end":{"line":13,"column":38}},"loc":{"start":{"line":13,"column":67},"end":{"line":60,"column":1}},"line":13}},"branchMap":{"0":{"loc":{"start":{"line":13,"column":39},"end":{"line":13,"column":56}},"type":"default-arg","locations":[{"start":{"line":13,"column":54},"end":{"line":13,"column":56}}],"line":13},"1":{"loc":{"start":{"line":29,"column":4},"end":{"line":37,"column":15}},"type":"cond-expr","locations":[{"start":{"line":32,"column":8},"end":{"line":36,"column":8}},{"start":{"line":37,"column":8},"end":{"line":37,"column":15}}],"line":29},"2":{"loc":{"start":{"line":29,"column":4},"end":{"line":31,"column":47}},"type":"binary-expr","locations":[{"start":{"line":29,"column":4},"end":{"line":29,"column":41}},{"start":{"line":30,"column":4},"end":{"line":30,"column":30}},{"start":{"line":31,"column":4},"end":{"line":31,"column":47}}],"line":29}},"s":{"0":5,"1":38,"2":38,"3":38,"4":38,"5":38,"6":38,"7":38,"8":38},"f":{"0":38},"b":{"0":[1],"1":[1,37],"2":[38,38,38]},"_coverageSchema":"332fd63041d2c1bcb487cc26dd0d5f7d97098a6c","hash":"a8ed57389144e346f7783ddcddbb02f88d586f8d"}
,"/home/developer/IdeaProjects/react-redux-boilerplate/app/reducers.js": {"path":"/home/developer/IdeaProjects/react-redux-boilerplate/app/reducers.js","statementMap":{"0":{"start":{"line":20,"column":26},"end":{"line":22,"column":2}},"1":{"start":{"line":28,"column":2},"end":{"line":36,"column":3}},"2":{"start":{"line":35,"column":6},"end":{"line":35,"column":19}},"3":{"start":{"line":43,"column":2},"end":{"line":47,"column":5}}},"fnMap":{"0":{"name":"routeReducer","decl":{"start":{"line":27,"column":9},"end":{"line":27,"column":21}},"loc":{"start":{"line":27,"column":57},"end":{"line":37,"column":1}},"line":27},"1":{"name":"createReducer","decl":{"start":{"line":42,"column":24},"end":{"line":42,"column":37}},"loc":{"start":{"line":42,"column":56},"end":{"line":48,"column":1}},"line":42}},"branchMap":{"0":{"loc":{"start":{"line":27,"column":22},"end":{"line":27,"column":47}},"type":"default-arg","locations":[{"start":{"line":27,"column":30},"end":{"line":27,"column":47}}],"line":27},"1":{"loc":{"start":{"line":28,"column":2},"end":{"line":36,"column":3}},"type":"switch","locations":[{"start":{"line":34,"column":4},"end":{"line":35,"column":19}}],"line":28}},"s":{"0":6,"1":48,"2":48,"3":43},"f":{"0":48,"1":43},"b":{"0":[38],"1":[48]},"_coverageSchema":"332fd63041d2c1bcb487cc26dd0d5f7d97098a6c","hash":"8083a552a374ac796e62acfd2cccba540f1ca7b9"}
,"/home/developer/IdeaProjects/react-redux-boilerplate/app/components/Footer/Footer.js": {"path":"/home/developer/IdeaProjects/react-redux-boilerplate/app/components/Footer/Footer.js","statementMap":{"0":{"start":{"line":4,"column":15},"end":{"line":9,"column":1}},"1":{"start":{"line":5,"column":2},"end":{"line":8,"column":11}}},"fnMap":{"0":{"name":"(anonymous_0)","decl":{"start":{"line":4,"column":15},"end":{"line":4,"column":16}},"loc":{"start":{"line":5,"column":2},"end":{"line":8,"column":11}},"line":5}},"branchMap":{},"s":{"0":2,"1":2},"f":{"0":2},"b":{},"_coverageSchema":"332fd63041d2c1bcb487cc26dd0d5f7d97098a6c","hash":"ab940b71856fda9a26d8199d4934220b3e5e70ad"}
,"/home/developer/IdeaProjects/react-redux-boilerplate/app/components/Footer/index.js": {"path":"/home/developer/IdeaProjects/react-redux-boilerplate/app/components/Footer/index.js","statementMap":{},"fnMap":{},"branchMap":{},"s":{},"f":{},"b":{},"_coverageSchema":"332fd63041d2c1bcb487cc26dd0d5f7d97098a6c","hash":"ee757f66b288ea5e87f24822427478557dbaf2f3"}
,"/home/developer/IdeaProjects/react-redux-boilerplate/app/components/Header/Header.js": {"path":"/home/developer/IdeaProjects/react-redux-boilerplate/app/components/Header/Header.js","statementMap":{"0":{"start":{"line":8,"column":4},"end":{"line":22,"column":6}}},"fnMap":{"0":{"name":"(anonymous_0)","decl":{"start":{"line":7,"column":2},"end":{"line":7,"column":3}},"loc":{"start":{"line":7,"column":11},"end":{"line":23,"column":3}},"line":7}},"branchMap":{},"s":{"0":1},"f":{"0":1},"b":{},"_coverageSchema":"332fd63041d2c1bcb487cc26dd0d5f7d97098a6c","hash":"a4c10711fc053c479fdc5d9cecbd4da3d496929d"}
,"/home/developer/IdeaProjects/react-redux-boilerplate/app/components/Header/index.js": {"path":"/home/developer/IdeaProjects/react-redux-boilerplate/app/components/Header/index.js","statementMap":{},"fnMap":{},"branchMap":{},"s":{},"f":{},"b":{},"_coverageSchema":"332fd63041d2c1bcb487cc26dd0d5f7d97098a6c","hash":"d55a408abb6a4a99f2f8c732be54adf83437be3c"}
,"/home/developer/IdeaProjects/react-redux-boilerplate/app/components/Icons/index.js": {"path":"/home/developer/IdeaProjects/react-redux-boilerplate/app/components/Icons/index.js","statementMap":{},"fnMap":{},"branchMap":{},"s":{},"f":{},"b":{},"_coverageSchema":"332fd63041d2c1bcb487cc26dd0d5f7d97098a6c","hash":"e56597a6976d96f06f7386ab46d88a6834960de8"}
,"/home/developer/IdeaProjects/react-redux-boilerplate/app/components/Icons/IssueIcon/IssueIcon.js": {"path":"/home/developer/IdeaProjects/react-redux-boilerplate/app/components/Icons/IssueIcon/IssueIcon.js","statementMap":{"0":{"start":{"line":4,"column":18},"end":{"line":8,"column":1}},"1":{"start":{"line":5,"column":2},"end":{"line":7,"column":8}},"2":{"start":{"line":10,"column":0},"end":{"line":12,"column":2}}},"fnMap":{"0":{"name":"(anonymous_0)","decl":{"start":{"line":4,"column":18},"end":{"line":4,"column":19}},"loc":{"start":{"line":5,"column":2},"end":{"line":7,"column":8}},"line":5}},"branchMap":{},"s":{"0":4,"1":6,"2":4},"f":{"0":6},"b":{},"_coverageSchema":"332fd63041d2c1bcb487cc26dd0d5f7d97098a6c","hash":"a6f6ef455b5023264aec00819e8752dc4a77fb83"}
,"/home/developer/IdeaProjects/react-redux-boilerplate/app/components/Icons/IssueIcon/index.js": {"path":"/home/developer/IdeaProjects/react-redux-boilerplate/app/components/Icons/IssueIcon/index.js","statementMap":{},"fnMap":{},"branchMap":{},"s":{},"f":{},"b":{},"_coverageSchema":"332fd63041d2c1bcb487cc26dd0d5f7d97098a6c","hash":"84dba87a5e39def7071e596c63ce2cfb0caf97d5"}
,"/home/developer/IdeaProjects/react-redux-boilerplate/app/components/List/List.js": {"path":"/home/developer/IdeaProjects/react-redux-boilerplate/app/components/List/List.js","statementMap":{"0":{"start":{"line":5,"column":13},"end":{"line":26,"column":1}},"1":{"start":{"line":6,"column":28},"end":{"line":6,"column":43}},"2":{"start":{"line":7,"column":17},"end":{"line":7,"column":28}},"3":{"start":{"line":10,"column":2},"end":{"line":17,"column":3}},"4":{"start":{"line":11,"column":4},"end":{"line":13,"column":7}},"5":{"start":{"line":12,"column":6},"end":{"line":12,"column":63}},"6":{"start":{"line":16,"column":4},"end":{"line":16,"column":38}},"7":{"start":{"line":19,"column":2},"end":{"line":25,"column":4}},"8":{"start":{"line":28,"column":0},"end":{"line":31,"column":2}}},"fnMap":{"0":{"name":"(anonymous_0)","decl":{"start":{"line":5,"column":13},"end":{"line":5,"column":14}},"loc":{"start":{"line":5,"column":24},"end":{"line":26,"column":1}},"line":5},"1":{"name":"(anonymous_1)","decl":{"start":{"line":11,"column":30},"end":{"line":11,"column":31}},"loc":{"start":{"line":12,"column":6},"end":{"line":12,"column":63}},"line":12}},"branchMap":{"0":{"loc":{"start":{"line":10,"column":2},"end":{"line":17,"column":3}},"type":"if","locations":[{"start":{"line":10,"column":2},"end":{"line":17,"column":3}},{"start":{"line":10,"column":2},"end":{"line":17,"column":3}}],"line":10}},"s":{"0":3,"1":6,"2":6,"3":6,"4":1,"5":2,"6":5,"7":6,"8":3},"f":{"0":6,"1":2},"b":{"0":[1,5]},"_coverageSchema":"332fd63041d2c1bcb487cc26dd0d5f7d97098a6c","hash":"f51ccd7cbc715ce1c80ece1ccf4f9134a6d278b2"}
,"/home/developer/IdeaProjects/react-redux-boilerplate/app/components/List/index.js": {"path":"/home/developer/IdeaProjects/react-redux-boilerplate/app/components/List/index.js","statementMap":{},"fnMap":{},"branchMap":{},"s":{},"f":{},"b":{},"_coverageSchema":"332fd63041d2c1bcb487cc26dd0d5f7d97098a6c","hash":"aceeab06de0c9dc105c34d4ff1ab2474e3a306f6"}
,"/home/developer/IdeaProjects/react-redux-boilerplate/app/components/ListItem/ListItem.js": {"path":"/home/developer/IdeaProjects/react-redux-boilerplate/app/components/ListItem/ListItem.js","statementMap":{"0":{"start":{"line":5,"column":17},"end":{"line":9,"column":1}},"1":{"start":{"line":6,"column":2},"end":{"line":8,"column":8}},"2":{"start":{"line":11,"column":0},"end":{"line":13,"column":2}}},"fnMap":{"0":{"name":"(anonymous_0)","decl":{"start":{"line":5,"column":17},"end":{"line":5,"column":18}},"loc":{"start":{"line":6,"column":2},"end":{"line":8,"column":8}},"line":6}},"branchMap":{},"s":{"0":5,"1":11,"2":5},"f":{"0":11},"b":{},"_coverageSchema":"332fd63041d2c1bcb487cc26dd0d5f7d97098a6c","hash":"2bd5e91cb3c27ed42fdfa6552560bd78513572a2"}
,"/home/developer/IdeaProjects/react-redux-boilerplate/app/components/ListItem/index.js": {"path":"/home/developer/IdeaProjects/react-redux-boilerplate/app/components/ListItem/index.js","statementMap":{},"fnMap":{},"branchMap":{},"s":{},"f":{},"b":{},"_coverageSchema":"332fd63041d2c1bcb487cc26dd0d5f7d97098a6c","hash":"0f4732e8ea93b121adcc48312f8fd97b6c5fce63"}
,"/home/developer/IdeaProjects/react-redux-boilerplate/app/components/LoadingIndicator/LoadingIndicator.js": {"path":"/home/developer/IdeaProjects/react-redux-boilerplate/app/components/LoadingIndicator/LoadingIndicator.js","statementMap":{"0":{"start":{"line":4,"column":25},"end":{"line":15,"column":1}},"1":{"start":{"line":5,"column":2},"end":{"line":14,"column":8}}},"fnMap":{"0":{"name":"(anonymous_0)","decl":{"start":{"line":4,"column":25},"end":{"line":4,"column":26}},"loc":{"start":{"line":5,"column":2},"end":{"line":14,"column":8}},"line":5}},"branchMap":{},"s":{"0":4,"1":1},"f":{"0":1},"b":{},"_coverageSchema":"332fd63041d2c1bcb487cc26dd0d5f7d97098a6c","hash":"366df2c22af6182e4f5079dffa1f18954d1718c7"}
,"/home/developer/IdeaProjects/react-redux-boilerplate/app/components/LoadingIndicator/index.js": {"path":"/home/developer/IdeaProjects/react-redux-boilerplate/app/components/LoadingIndicator/index.js","statementMap":{},"fnMap":{},"branchMap":{},"s":{},"f":{},"b":{},"_coverageSchema":"332fd63041d2c1bcb487cc26dd0d5f7d97098a6c","hash":"eb363a9945ffc5e7404882a622ddb42cd53afaed"}
,"/home/developer/IdeaProjects/react-redux-boilerplate/app/components/ReposList/ReposList.js": {"path":"/home/developer/IdeaProjects/react-redux-boilerplate/app/components/ReposList/ReposList.js","statementMap":{"0":{"start":{"line":9,"column":18},"end":{"line":26,"column":1}},"1":{"start":{"line":10,"column":2},"end":{"line":12,"column":3}},"2":{"start":{"line":11,"column":4},"end":{"line":11,"column":49}},"3":{"start":{"line":14,"column":2},"end":{"line":19,"column":3}},"4":{"start":{"line":15,"column":27},"end":{"line":17,"column":5}},"5":{"start":{"line":16,"column":6},"end":{"line":16,"column":67}},"6":{"start":{"line":18,"column":4},"end":{"line":18,"column":47}},"7":{"start":{"line":21,"column":2},"end":{"line":23,"column":3}},"8":{"start":{"line":22,"column":4},"end":{"line":22,"column":59}},"9":{"start":{"line":25,"column":2},"end":{"line":25,"column":14}},"10":{"start":{"line":28,"column":0},"end":{"line":32,"column":2}}},"fnMap":{"0":{"name":"(anonymous_0)","decl":{"start":{"line":9,"column":18},"end":{"line":9,"column":19}},"loc":{"start":{"line":9,"column":49},"end":{"line":26,"column":1}},"line":9},"1":{"name":"(anonymous_1)","decl":{"start":{"line":15,"column":27},"end":{"line":15,"column":28}},"loc":{"start":{"line":16,"column":6},"end":{"line":16,"column":67}},"line":16}},"branchMap":{"0":{"loc":{"start":{"line":10,"column":2},"end":{"line":12,"column":3}},"type":"if","locations":[{"start":{"line":10,"column":2},"end":{"line":12,"column":3}},{"start":{"line":10,"column":2},"end":{"line":12,"column":3}}],"line":10},"1":{"loc":{"start":{"line":14,"column":2},"end":{"line":19,"column":3}},"type":"if","locations":[{"start":{"line":14,"column":2},"end":{"line":19,"column":3}},{"start":{"line":14,"column":2},"end":{"line":19,"column":3}}],"line":14},"2":{"loc":{"start":{"line":21,"column":2},"end":{"line":23,"column":3}},"type":"if","locations":[{"start":{"line":21,"column":2},"end":{"line":23,"column":3}},{"start":{"line":21,"column":2},"end":{"line":23,"column":3}}],"line":21}},"s":{"0":2,"1":7,"2":1,"3":6,"4":4,"5":4,"6":4,"7":2,"8":1,"9":1,"10":2},"f":{"0":7,"1":4},"b":{"0":[1,6],"1":[4,2],"2":[1,1]},"_coverageSchema":"332fd63041d2c1bcb487cc26dd0d5f7d97098a6c","hash":"f4d4a9117bed16b072a83946d0bedb7d4d633077"}
,"/home/developer/IdeaProjects/react-redux-boilerplate/app/components/ReposList/index.js": {"path":"/home/developer/IdeaProjects/react-redux-boilerplate/app/components/ReposList/index.js","statementMap":{},"fnMap":{},"branchMap":{},"s":{},"f":{},"b":{},"_coverageSchema":"332fd63041d2c1bcb487cc26dd0d5f7d97098a6c","hash":"4c7fe894bfd15b73217a5008916004f232d3a510"}
,"/home/developer/IdeaProjects/react-redux-boilerplate/app/containers/App/App.js": {"path":"/home/developer/IdeaProjects/react-redux-boilerplate/app/containers/App/App.js","statementMap":{"0":{"start":{"line":20,"column":12},"end":{"line":36,"column":1}},"1":{"start":{"line":21,"column":2},"end":{"line":35,"column":8}}},"fnMap":{"0":{"name":"(anonymous_0)","decl":{"start":{"line":20,"column":12},"end":{"line":20,"column":13}},"loc":{"start":{"line":21,"column":2},"end":{"line":35,"column":8}},"line":21}},"branchMap":{},"s":{"0":1,"1":3},"f":{"0":3},"b":{},"_coverageSchema":"332fd63041d2c1bcb487cc26dd0d5f7d97098a6c","hash":"c03f2fe208f33c6a1aa71d6122a3dc70398480e9"}
,"/home/developer/IdeaProjects/react-redux-boilerplate/app/containers/App/actions.js": {"path":"/home/developer/IdeaProjects/react-redux-boilerplate/app/containers/App/actions.js","statementMap":{"0":{"start":{"line":30,"column":2},"end":{"line":32,"column":4}},"1":{"start":{"line":44,"column":2},"end":{"line":48,"column":4}},"2":{"start":{"line":59,"column":2},"end":{"line":62,"column":4}}},"fnMap":{"0":{"name":"loadRepos","decl":{"start":{"line":29,"column":16},"end":{"line":29,"column":25}},"loc":{"start":{"line":29,"column":28},"end":{"line":33,"column":1}},"line":29},"1":{"name":"reposLoaded","decl":{"start":{"line":43,"column":16},"end":{"line":43,"column":27}},"loc":{"start":{"line":43,"column":45},"end":{"line":49,"column":1}},"line":43},"2":{"name":"repoLoadingError","decl":{"start":{"line":58,"column":16},"end":{"line":58,"column":32}},"loc":{"start":{"line":58,"column":40},"end":{"line":63,"column":1}},"line":58}},"branchMap":{},"s":{"0":5,"1":4,"2":4},"f":{"0":5,"1":4,"2":4},"b":{},"_coverageSchema":"332fd63041d2c1bcb487cc26dd0d5f7d97098a6c","hash":"0dfc7510b8ddab9c5e586f426f69c2c975f4d0f5"}
,"/home/developer/IdeaProjects/react-redux-boilerplate/app/containers/App/constants.js": {"path":"/home/developer/IdeaProjects/react-redux-boilerplate/app/containers/App/constants.js","statementMap":{"0":{"start":{"line":12,"column":26},"end":{"line":12,"column":54}},"1":{"start":{"line":13,"column":34},"end":{"line":13,"column":70}},"2":{"start":{"line":14,"column":32},"end":{"line":14,"column":66}},"3":{"start":{"line":15,"column":30},"end":{"line":15,"column":34}}},"fnMap":{},"branchMap":{},"s":{"0":9,"1":9,"2":9,"3":9},"f":{},"b":{},"_coverageSchema":"332fd63041d2c1bcb487cc26dd0d5f7d97098a6c","hash":"b656587b4d1bc667e6acbcf281496a3835da52f0"}
,"/home/developer/IdeaProjects/react-redux-boilerplate/app/containers/App/index.js": {"path":"/home/developer/IdeaProjects/react-redux-boilerplate/app/containers/App/index.js","statementMap":{},"fnMap":{},"branchMap":{},"s":{},"f":{},"b":{},"_coverageSchema":"332fd63041d2c1bcb487cc26dd0d5f7d97098a6c","hash":"eda7b0b5b604e96a18cde5cf23ec8f61070becf9"}
,"/home/developer/IdeaProjects/react-redux-boilerplate/app/containers/App/reducer.js": {"path":"/home/developer/IdeaProjects/react-redux-boilerplate/app/containers/App/reducer.js","statementMap":{"0":{"start":{"line":22,"column":21},"end":{"line":29,"column":2}},"1":{"start":{"line":32,"column":2},"end":{"line":49,"column":3}},"2":{"start":{"line":34,"column":6},"end":{"line":37,"column":52}},"3":{"start":{"line":39,"column":6},"end":{"line":42,"column":45}},"4":{"start":{"line":44,"column":6},"end":{"line":46,"column":31}},"5":{"start":{"line":48,"column":6},"end":{"line":48,"column":19}}},"fnMap":{"0":{"name":"appReducer","decl":{"start":{"line":31,"column":9},"end":{"line":31,"column":19}},"loc":{"start":{"line":31,"column":50},"end":{"line":50,"column":1}},"line":31}},"branchMap":{"0":{"loc":{"start":{"line":31,"column":20},"end":{"line":31,"column":40}},"type":"default-arg","locations":[{"start":{"line":31,"column":28},"end":{"line":31,"column":40}}],"line":31},"1":{"loc":{"start":{"line":32,"column":2},"end":{"line":49,"column":3}},"type":"switch","locations":[{"start":{"line":33,"column":4},"end":{"line":37,"column":52}},{"start":{"line":38,"column":4},"end":{"line":42,"column":45}},{"start":{"line":43,"column":4},"end":{"line":46,"column":31}},{"start":{"line":47,"column":4},"end":{"line":48,"column":19}}],"line":32}},"s":{"0":7,"1":52,"2":1,"3":1,"4":1,"5":49},"f":{"0":52},"b":{"0":[39],"1":[1,1,1,49]},"_coverageSchema":"332fd63041d2c1bcb487cc26dd0d5f7d97098a6c","hash":"d5dad66a1aab97429771c826675cc782213e5898"}
,"/home/developer/IdeaProjects/react-redux-boilerplate/app/containers/App/selectors.js": {"path":"/home/developer/IdeaProjects/react-redux-boilerplate/app/containers/App/selectors.js","statementMap":{"0":{"start":{"line":7,"column":21},"end":{"line":7,"column":51}},"1":{"start":{"line":7,"column":32},"end":{"line":7,"column":51}},"2":{"start":{"line":9,"column":20},"end":{"line":9,"column":49}},"3":{"start":{"line":9,"column":31},"end":{"line":9,"column":49}},"4":{"start":{"line":11,"column":30},"end":{"line":14,"column":1}},"5":{"start":{"line":11,"column":36},"end":{"line":14,"column":1}},"6":{"start":{"line":13,"column":19},"end":{"line":13,"column":49}},"7":{"start":{"line":16,"column":26},"end":{"line":19,"column":1}},"8":{"start":{"line":16,"column":32},"end":{"line":19,"column":1}},"9":{"start":{"line":18,"column":19},"end":{"line":18,"column":45}},"10":{"start":{"line":21,"column":24},"end":{"line":24,"column":1}},"11":{"start":{"line":21,"column":30},"end":{"line":24,"column":1}},"12":{"start":{"line":23,"column":19},"end":{"line":23,"column":43}},"13":{"start":{"line":26,"column":24},"end":{"line":29,"column":1}},"14":{"start":{"line":26,"column":30},"end":{"line":29,"column":1}},"15":{"start":{"line":28,"column":19},"end":{"line":28,"column":66}},"16":{"start":{"line":31,"column":27},"end":{"line":34,"column":1}},"17":{"start":{"line":31,"column":33},"end":{"line":34,"column":1}},"18":{"start":{"line":33,"column":18},"end":{"line":33,"column":51}}},"fnMap":{"0":{"name":"(anonymous_0)","decl":{"start":{"line":7,"column":21},"end":{"line":7,"column":22}},"loc":{"start":{"line":7,"column":32},"end":{"line":7,"column":51}},"line":7},"1":{"name":"(anonymous_1)","decl":{"start":{"line":9,"column":20},"end":{"line":9,"column":21}},"loc":{"start":{"line":9,"column":31},"end":{"line":9,"column":49}},"line":9},"2":{"name":"(anonymous_2)","decl":{"start":{"line":11,"column":30},"end":{"line":11,"column":31}},"loc":{"start":{"line":11,"column":36},"end":{"line":14,"column":1}},"line":11},"3":{"name":"(anonymous_3)","decl":{"start":{"line":13,"column":2},"end":{"line":13,"column":3}},"loc":{"start":{"line":13,"column":19},"end":{"line":13,"column":49}},"line":13},"4":{"name":"(anonymous_4)","decl":{"start":{"line":16,"column":26},"end":{"line":16,"column":27}},"loc":{"start":{"line":16,"column":32},"end":{"line":19,"column":1}},"line":16},"5":{"name":"(anonymous_5)","decl":{"start":{"line":18,"column":2},"end":{"line":18,"column":3}},"loc":{"start":{"line":18,"column":19},"end":{"line":18,"column":45}},"line":18},"6":{"name":"(anonymous_6)","decl":{"start":{"line":21,"column":24},"end":{"line":21,"column":25}},"loc":{"start":{"line":21,"column":30},"end":{"line":24,"column":1}},"line":21},"7":{"name":"(anonymous_7)","decl":{"start":{"line":23,"column":2},"end":{"line":23,"column":3}},"loc":{"start":{"line":23,"column":19},"end":{"line":23,"column":43}},"line":23},"8":{"name":"(anonymous_8)","decl":{"start":{"line":26,"column":24},"end":{"line":26,"column":25}},"loc":{"start":{"line":26,"column":30},"end":{"line":29,"column":1}},"line":26},"9":{"name":"(anonymous_9)","decl":{"start":{"line":28,"column":2},"end":{"line":28,"column":3}},"loc":{"start":{"line":28,"column":19},"end":{"line":28,"column":66}},"line":28},"10":{"name":"(anonymous_10)","decl":{"start":{"line":31,"column":27},"end":{"line":31,"column":28}},"loc":{"start":{"line":31,"column":33},"end":{"line":34,"column":1}},"line":31},"11":{"name":"(anonymous_11)","decl":{"start":{"line":33,"column":2},"end":{"line":33,"column":3}},"loc":{"start":{"line":33,"column":18},"end":{"line":33,"column":51}},"line":33}},"branchMap":{},"s":{"0":3,"1":5,"2":3,"3":1,"4":3,"5":3,"6":1,"7":3,"8":2,"9":1,"10":3,"11":2,"12":1,"13":3,"14":2,"15":1,"16":3,"17":1,"18":1},"f":{"0":5,"1":1,"2":3,"3":1,"4":2,"5":1,"6":2,"7":1,"8":2,"9":1,"10":1,"11":1},"b":{},"_coverageSchema":"332fd63041d2c1bcb487cc26dd0d5f7d97098a6c","hash":"fba1b481e3b8fb9faf83686214c0eb8959ad992a"}
,"/home/developer/IdeaProjects/react-redux-boilerplate/app/containers/FeaturePage/FeaturePage.js": {"path":"/home/developer/IdeaProjects/react-redux-boilerplate/app/containers/FeaturePage/FeaturePage.js","statementMap":{"0":{"start":{"line":16,"column":4},"end":{"line":16,"column":17}},"1":{"start":{"line":20,"column":4},"end":{"line":65,"column":6}}},"fnMap":{"0":{"name":"(anonymous_0)","decl":{"start":{"line":15,"column":2},"end":{"line":15,"column":3}},"loc":{"start":{"line":15,"column":26},"end":{"line":17,"column":3}},"line":15},"1":{"name":"(anonymous_1)","decl":{"start":{"line":19,"column":2},"end":{"line":19,"column":3}},"loc":{"start":{"line":19,"column":11},"end":{"line":66,"column":3}},"line":19}},"branchMap":{},"s":{"0":1,"1":2},"f":{"0":1,"1":2},"b":{},"_coverageSchema":"332fd63041d2c1bcb487cc26dd0d5f7d97098a6c","hash":"e904d5cf43d271970e8d096f1379415611ff7d3e"}
,"/home/developer/IdeaProjects/react-redux-boilerplate/app/containers/FeaturePage/index.js": {"path":"/home/developer/IdeaProjects/react-redux-boilerplate/app/containers/FeaturePage/index.js","statementMap":{},"fnMap":{},"branchMap":{},"s":{},"f":{},"b":{},"_coverageSchema":"332fd63041d2c1bcb487cc26dd0d5f7d97098a6c","hash":"115faf336b28cc5eb5163908df6434364edf88e7"}
,"/home/developer/IdeaProjects/react-redux-boilerplate/app/containers/HomePage/HomePage.js": {"path":"/home/developer/IdeaProjects/react-redux-boilerplate/app/containers/HomePage/HomePage.js","statementMap":{"0":{"start":{"line":18,"column":4},"end":{"line":20,"column":5}},"1":{"start":{"line":19,"column":6},"end":{"line":19,"column":32}},"2":{"start":{"line":24,"column":38},"end":{"line":24,"column":48}},"3":{"start":{"line":25,"column":27},"end":{"line":29,"column":5}},"4":{"start":{"line":31,"column":4},"end":{"line":61,"column":6}},"5":{"start":{"line":65,"column":0},"end":{"line":78,"column":2}}},"fnMap":{"0":{"name":"(anonymous_0)","decl":{"start":{"line":17,"column":2},"end":{"line":17,"column":3}},"loc":{"start":{"line":17,"column":22},"end":{"line":21,"column":3}},"line":17},"1":{"name":"(anonymous_1)","decl":{"start":{"line":23,"column":2},"end":{"line":23,"column":3}},"loc":{"start":{"line":23,"column":11},"end":{"line":62,"column":3}},"line":23}},"branchMap":{"0":{"loc":{"start":{"line":18,"column":4},"end":{"line":20,"column":5}},"type":"if","locations":[{"start":{"line":18,"column":4},"end":{"line":20,"column":5}},{"start":{"line":18,"column":4},"end":{"line":20,"column":5}}],"line":18},"1":{"loc":{"start":{"line":18,"column":8},"end":{"line":18,"column":68}},"type":"binary-expr","locations":[{"start":{"line":18,"column":8},"end":{"line":18,"column":27}},{"start":{"line":18,"column":31},"end":{"line":18,"column":68}}],"line":18}},"s":{"0":4,"1":1,"2":4,"3":4,"4":4,"5":1},"f":{"0":4,"1":4},"b":{"0":[1,3],"1":[4,1]},"_coverageSchema":"332fd63041d2c1bcb487cc26dd0d5f7d97098a6c","hash":"b13e15bdfdecda4204912dd207672e1e79c79935"}
,"/home/developer/IdeaProjects/react-redux-boilerplate/app/containers/HomePage/actions.js": {"path":"/home/developer/IdeaProjects/react-redux-boilerplate/app/containers/HomePage/actions.js","statementMap":{"0":{"start":{"line":28,"column":2},"end":{"line":31,"column":4}}},"fnMap":{"0":{"name":"changeUsername","decl":{"start":{"line":27,"column":16},"end":{"line":27,"column":30}},"loc":{"start":{"line":27,"column":37},"end":{"line":32,"column":1}},"line":27}},"branchMap":{},"s":{"0":4},"f":{"0":4},"b":{},"_coverageSchema":"332fd63041d2c1bcb487cc26dd0d5f7d97098a6c","hash":"976f200a4ac3dbc42b17c351a3c45c283328e662"}
,"/home/developer/IdeaProjects/react-redux-boilerplate/app/containers/HomePage/constants.js": {"path":"/home/developer/IdeaProjects/react-redux-boilerplate/app/containers/HomePage/constants.js","statementMap":{"0":{"start":{"line":12,"column":31},"end":{"line":12,"column":65}}},"fnMap":{},"branchMap":{},"s":{"0":3},"f":{},"b":{},"_coverageSchema":"332fd63041d2c1bcb487cc26dd0d5f7d97098a6c","hash":"cf51f647bcd70e952f81163cb2a48c73beab1187"}
,"/home/developer/IdeaProjects/react-redux-boilerplate/app/containers/HomePage/index.js": {"path":"/home/developer/IdeaProjects/react-redux-boilerplate/app/containers/HomePage/index.js","statementMap":{"0":{"start":{"line":18,"column":27},"end":{"line":24,"column":2}},"1":{"start":{"line":18,"column":42},"end":{"line":24,"column":1}},"2":{"start":{"line":19,"column":29},"end":{"line":19,"column":71}},"3":{"start":{"line":21,"column":4},"end":{"line":21,"column":70}},"4":{"start":{"line":21,"column":49},"end":{"line":21,"column":70}},"5":{"start":{"line":22,"column":4},"end":{"line":22,"column":26}},"6":{"start":{"line":26,"column":24},"end":{"line":31,"column":2}},"7":{"start":{"line":33,"column":20},"end":{"line":33,"column":64}},"8":{"start":{"line":35,"column":20},"end":{"line":35,"column":59}},"9":{"start":{"line":36,"column":17},"end":{"line":36,"column":50}}},"fnMap":{"0":{"name":"(anonymous_0)","decl":{"start":{"line":18,"column":27},"end":{"line":18,"column":28}},"loc":{"start":{"line":18,"column":42},"end":{"line":24,"column":1}},"line":18},"1":{"name":"(anonymous_1)","decl":{"start":{"line":19,"column":20},"end":{"line":19,"column":21}},"loc":{"start":{"line":19,"column":29},"end":{"line":19,"column":71}},"line":19},"2":{"name":"(anonymous_2)","decl":{"start":{"line":20,"column":16},"end":{"line":20,"column":17}},"loc":{"start":{"line":20,"column":25},"end":{"line":23,"column":3}},"line":20}},"branchMap":{"0":{"loc":{"start":{"line":21,"column":4},"end":{"line":21,"column":70}},"type":"if","locations":[{"start":{"line":21,"column":4},"end":{"line":21,"column":70}},{"start":{"line":21,"column":4},"end":{"line":21,"column":70}}],"line":21},"1":{"loc":{"start":{"line":21,"column":8},"end":{"line":21,"column":47}},"type":"binary-expr","locations":[{"start":{"line":21,"column":8},"end":{"line":21,"column":25}},{"start":{"line":21,"column":29},"end":{"line":21,"column":47}}],"line":21}},"s":{"0":1,"1":5,"2":1,"3":2,"4":1,"5":2,"6":1,"7":1,"8":1,"9":1},"f":{"0":5,"1":1,"2":2},"b":{"0":[1,1],"1":[2,1]},"_coverageSchema":"332fd63041d2c1bcb487cc26dd0d5f7d97098a6c","hash":"dedb0550eb8f1def1094e3e8a7981746276aa70f"}
,"/home/developer/IdeaProjects/react-redux-boilerplate/app/containers/HomePage/reducer.js": {"path":"/home/developer/IdeaProjects/react-redux-boilerplate/app/containers/HomePage/reducer.js","statementMap":{"0":{"start":{"line":17,"column":21},"end":{"line":19,"column":2}},"1":{"start":{"line":22,"column":2},"end":{"line":28,"column":3}},"2":{"start":{"line":25,"column":6},"end":{"line":25,"column":67}},"3":{"start":{"line":27,"column":6},"end":{"line":27,"column":19}}},"fnMap":{"0":{"name":"homeReducer","decl":{"start":{"line":21,"column":9},"end":{"line":21,"column":20}},"loc":{"start":{"line":21,"column":51},"end":{"line":29,"column":1}},"line":21}},"branchMap":{"0":{"loc":{"start":{"line":21,"column":21},"end":{"line":21,"column":41}},"type":"default-arg","locations":[{"start":{"line":21,"column":29},"end":{"line":21,"column":41}}],"line":21},"1":{"loc":{"start":{"line":22,"column":2},"end":{"line":28,"column":3}},"type":"switch","locations":[{"start":{"line":23,"column":4},"end":{"line":25,"column":67}},{"start":{"line":26,"column":4},"end":{"line":27,"column":19}}],"line":22}},"s":{"0":2,"1":2,"2":1,"3":1},"f":{"0":2},"b":{"0":[1],"1":[1,1]},"_coverageSchema":"332fd63041d2c1bcb487cc26dd0d5f7d97098a6c","hash":"ae234c1dff41f073950614262fa051e75b13f9fb"}
,"/home/developer/IdeaProjects/react-redux-boilerplate/app/containers/HomePage/saga.js": {"path":"/home/developer/IdeaProjects/react-redux-boilerplate/app/containers/HomePage/saga.js","statementMap":{"0":{"start":{"line":17,"column":19},"end":{"line":17,"column":53}},"1":{"start":{"line":18,"column":21},"end":{"line":18,"column":91}},"2":{"start":{"line":20,"column":2},"end":{"line":26,"column":3}},"3":{"start":{"line":22,"column":18},"end":{"line":22,"column":49}},"4":{"start":{"line":23,"column":4},"end":{"line":23,"column":44}},"5":{"start":{"line":25,"column":4},"end":{"line":25,"column":37}},"6":{"start":{"line":37,"column":2},"end":{"line":37,"column":41}}},"fnMap":{"0":{"name":"getRepos","decl":{"start":{"line":15,"column":17},"end":{"line":15,"column":25}},"loc":{"start":{"line":15,"column":28},"end":{"line":27,"column":1}},"line":15},"1":{"name":"githubData","decl":{"start":{"line":32,"column":25},"end":{"line":32,"column":35}},"loc":{"start":{"line":32,"column":38},"end":{"line":38,"column":1}},"line":32}},"branchMap":{},"s":{"0":2,"1":2,"2":2,"3":2,"4":1,"5":1,"6":1},"f":{"0":2,"1":1},"b":{},"_coverageSchema":"332fd63041d2c1bcb487cc26dd0d5f7d97098a6c","hash":"fa75aa043255f2a1f9d04b029a8aa06f9b76060e"}
,"/home/developer/IdeaProjects/react-redux-boilerplate/app/containers/HomePage/selectors.js": {"path":"/home/developer/IdeaProjects/react-redux-boilerplate/app/containers/HomePage/selectors.js","statementMap":{"0":{"start":{"line":7,"column":19},"end":{"line":7,"column":47}},"1":{"start":{"line":7,"column":30},"end":{"line":7,"column":47}},"2":{"start":{"line":9,"column":27},"end":{"line":12,"column":1}},"3":{"start":{"line":9,"column":33},"end":{"line":12,"column":1}},"4":{"start":{"line":11,"column":17},"end":{"line":11,"column":42}}},"fnMap":{"0":{"name":"(anonymous_0)","decl":{"start":{"line":7,"column":19},"end":{"line":7,"column":20}},"loc":{"start":{"line":7,"column":30},"end":{"line":7,"column":47}},"line":7},"1":{"name":"(anonymous_1)","decl":{"start":{"line":9,"column":27},"end":{"line":9,"column":28}},"loc":{"start":{"line":9,"column":33},"end":{"line":12,"column":1}},"line":9},"2":{"name":"(anonymous_2)","decl":{"start":{"line":11,"column":2},"end":{"line":11,"column":3}},"loc":{"start":{"line":11,"column":17},"end":{"line":11,"column":42}},"line":11}},"branchMap":{},"s":{"0":3,"1":2,"2":3,"3":4,"4":1},"f":{"0":2,"1":4,"2":1},"b":{},"_coverageSchema":"332fd63041d2c1bcb487cc26dd0d5f7d97098a6c","hash":"5e611efd331f4479651761c7b1653f0de19e0a9a"}
,"/home/developer/IdeaProjects/react-redux-boilerplate/app/containers/NotFoundPage/NotFoundPage.js": {"path":"/home/developer/IdeaProjects/react-redux-boilerplate/app/containers/NotFoundPage/NotFoundPage.js","statementMap":{"0":{"start":{"line":11,"column":2},"end":{"line":15,"column":4}}},"fnMap":{"0":{"name":"NotFound","decl":{"start":{"line":10,"column":24},"end":{"line":10,"column":32}},"loc":{"start":{"line":10,"column":35},"end":{"line":16,"column":1}},"line":10}},"branchMap":{},"s":{"0":1},"f":{"0":1},"b":{},"_coverageSchema":"332fd63041d2c1bcb487cc26dd0d5f7d97098a6c","hash":"88db2a90063da666eea644d98c6fba143f8d5dbd"}
,"/home/developer/IdeaProjects/react-redux-boilerplate/app/containers/NotFoundPage/index.js": {"path":"/home/developer/IdeaProjects/react-redux-boilerplate/app/containers/NotFoundPage/index.js","statementMap":{},"fnMap":{},"branchMap":{},"s":{},"f":{},"b":{},"_coverageSchema":"332fd63041d2c1bcb487cc26dd0d5f7d97098a6c","hash":"483adef7fb98692eb67687cad0020c8a3805aa83"}
,"/home/developer/IdeaProjects/react-redux-boilerplate/app/containers/RepoListItem/RepoListItem.js": {"path":"/home/developer/IdeaProjects/react-redux-boilerplate/app/containers/RepoListItem/RepoListItem.js","statementMap":{"0":{"start":{"line":15,"column":21},"end":{"line":15,"column":31}},"1":{"start":{"line":16,"column":21},"end":{"line":16,"column":23}},"2":{"start":{"line":20,"column":4},"end":{"line":22,"column":5}},"3":{"start":{"line":21,"column":6},"end":{"line":21,"column":42}},"4":{"start":{"line":26,"column":6},"end":{"line":34,"column":12}},"5":{"start":{"line":38,"column":4},"end":{"line":40,"column":6}},"6":{"start":{"line":44,"column":0},"end":{"line":47,"column":2}}},"fnMap":{"0":{"name":"(anonymous_0)","decl":{"start":{"line":14,"column":2},"end":{"line":14,"column":3}},"loc":{"start":{"line":14,"column":11},"end":{"line":41,"column":3}},"line":14}},"branchMap":{"0":{"loc":{"start":{"line":20,"column":4},"end":{"line":22,"column":5}},"type":"if","locations":[{"start":{"line":20,"column":4},"end":{"line":22,"column":5}},{"start":{"line":20,"column":4},"end":{"line":22,"column":5}}],"line":20}},"s":{"0":6,"1":6,"2":6,"3":5,"4":6,"5":6,"6":3},"f":{"0":6},"b":{"0":[5,1]},"_coverageSchema":"332fd63041d2c1bcb487cc26dd0d5f7d97098a6c","hash":"c1078aa44daf21a89d703c02d1813fe8935cea62"}
,"/home/developer/IdeaProjects/react-redux-boilerplate/app/containers/RepoListItem/index.js": {"path":"/home/developer/IdeaProjects/react-redux-boilerplate/app/containers/RepoListItem/index.js","statementMap":{},"fnMap":{},"branchMap":{},"s":{},"f":{},"b":{},"_coverageSchema":"332fd63041d2c1bcb487cc26dd0d5f7d97098a6c","hash":"f394f11b6bf37da6c3c17af15c413dfa54bedf2b"}
,"/home/developer/IdeaProjects/react-redux-boilerplate/app/utils/checkStore.js": {"path":"/home/developer/IdeaProjects/react-redux-boilerplate/app/utils/checkStore.js","statementMap":{"0":{"start":{"line":10,"column":16},"end":{"line":18,"column":3}},"1":{"start":{"line":19,"column":2},"end":{"line":22,"column":4}}},"fnMap":{"0":{"name":"checkStore","decl":{"start":{"line":9,"column":24},"end":{"line":9,"column":34}},"loc":{"start":{"line":9,"column":42},"end":{"line":23,"column":1}},"line":9}},"branchMap":{},"s":{"0":13,"1":13},"f":{"0":13},"b":{},"_coverageSchema":"332fd63041d2c1bcb487cc26dd0d5f7d97098a6c","hash":"4cfa56a0d474621ec4027b490ee7b1be76965730"}
,"/home/developer/IdeaProjects/react-redux-boilerplate/app/utils/constants.js": {"path":"/home/developer/IdeaProjects/react-redux-boilerplate/app/utils/constants.js","statementMap":{"0":{"start":{"line":1,"column":34},"end":{"line":1,"column":70}},"1":{"start":{"line":2,"column":22},"end":{"line":2,"column":46}},"2":{"start":{"line":3,"column":33},"end":{"line":3,"column":68}}},"fnMap":{},"branchMap":{},"s":{"0":3,"1":3,"2":3},"f":{},"b":{},"_coverageSchema":"332fd63041d2c1bcb487cc26dd0d5f7d97098a6c","hash":"3f60e01cf9913f15b23a711dc5dd5dcf630c0d07"}
,"/home/developer/IdeaProjects/react-redux-boilerplate/app/utils/injectReducer.js": {"path":"/home/developer/IdeaProjects/react-redux-boilerplate/app/utils/injectReducer.js","statementMap":{"0":{"start":{"line":14,"column":37},"end":{"line":36,"column":1}},"1":{"start":{"line":23,"column":32},"end":{"line":23,"column":46}},"2":{"start":{"line":25,"column":6},"end":{"line":25,"column":34}},"3":{"start":{"line":31,"column":6},"end":{"line":31,"column":50}},"4":{"start":{"line":35,"column":2},"end":{"line":35,"column":65}}},"fnMap":{"0":{"name":"(anonymous_0)","decl":{"start":{"line":14,"column":15},"end":{"line":14,"column":16}},"loc":{"start":{"line":14,"column":37},"end":{"line":36,"column":1}},"line":14},"1":{"name":"(anonymous_1)","decl":{"start":{"line":14,"column":37},"end":{"line":14,"column":38}},"loc":{"start":{"line":14,"column":59},"end":{"line":36,"column":1}},"line":14},"2":{"name":"(anonymous_2)","decl":{"start":{"line":22,"column":4},"end":{"line":22,"column":5}},"loc":{"start":{"line":22,"column":25},"end":{"line":26,"column":5}},"line":22},"3":{"name":"(anonymous_3)","decl":{"start":{"line":30,"column":4},"end":{"line":30,"column":5}},"loc":{"start":{"line":30,"column":13},"end":{"line":32,"column":5}},"line":30}},"branchMap":{"0":{"loc":{"start":{"line":20,"column":41},"end":{"line":20,"column":109}},"type":"binary-expr","locations":[{"start":{"line":20,"column":41},"end":{"line":20,"column":69}},{"start":{"line":20,"column":73},"end":{"line":20,"column":94}},{"start":{"line":20,"column":98},"end":{"line":20,"column":109}}],"line":20}},"s":{"0":5,"1":2,"2":2,"3":2,"4":5},"f":{"0":5,"1":5,"2":2,"3":2},"b":{"0":[5,4,1]},"_coverageSchema":"332fd63041d2c1bcb487cc26dd0d5f7d97098a6c","hash":"9937a95b386f7c18b21dd48c3b45f248855e4c61"}
,"/home/developer/IdeaProjects/react-redux-boilerplate/app/utils/injectSaga.js": {"path":"/home/developer/IdeaProjects/react-redux-boilerplate/app/utils/injectSaga.js","statementMap":{"0":{"start":{"line":18,"column":40},"end":{"line":46,"column":1}},"1":{"start":{"line":27,"column":29},"end":{"line":27,"column":43}},"2":{"start":{"line":29,"column":6},"end":{"line":29,"column":50}},"3":{"start":{"line":33,"column":28},"end":{"line":33,"column":42}},"4":{"start":{"line":35,"column":6},"end":{"line":35,"column":21}},"5":{"start":{"line":41,"column":6},"end":{"line":41,"column":50}},"6":{"start":{"line":45,"column":2},"end":{"line":45,"column":60}}},"fnMap":{"0":{"name":"(anonymous_0)","decl":{"start":{"line":18,"column":15},"end":{"line":18,"column":16}},"loc":{"start":{"line":18,"column":40},"end":{"line":46,"column":1}},"line":18},"1":{"name":"(anonymous_1)","decl":{"start":{"line":18,"column":40},"end":{"line":18,"column":41}},"loc":{"start":{"line":18,"column":62},"end":{"line":46,"column":1}},"line":18},"2":{"name":"(anonymous_2)","decl":{"start":{"line":26,"column":4},"end":{"line":26,"column":5}},"loc":{"start":{"line":26,"column":25},"end":{"line":30,"column":5}},"line":26},"3":{"name":"(anonymous_3)","decl":{"start":{"line":32,"column":4},"end":{"line":32,"column":5}},"loc":{"start":{"line":32,"column":27},"end":{"line":36,"column":5}},"line":32},"4":{"name":"(anonymous_4)","decl":{"start":{"line":40,"column":4},"end":{"line":40,"column":5}},"loc":{"start":{"line":40,"column":13},"end":{"line":42,"column":5}},"line":40}},"branchMap":{"0":{"loc":{"start":{"line":24,"column":38},"end":{"line":24,"column":106}},"type":"binary-expr","locations":[{"start":{"line":24,"column":38},"end":{"line":24,"column":66}},{"start":{"line":24,"column":70},"end":{"line":24,"column":91}},{"start":{"line":24,"column":95},"end":{"line":24,"column":106}}],"line":24}},"s":{"0":6,"1":3,"2":3,"3":1,"4":1,"5":3,"6":6},"f":{"0":6,"1":6,"2":3,"3":1,"4":3},"b":{"0":[6,5,1]},"_coverageSchema":"332fd63041d2c1bcb487cc26dd0d5f7d97098a6c","hash":"d2c1d62f4ad818e39d7319680dc70e3bb3dad1c9"}
,"/home/developer/IdeaProjects/react-redux-boilerplate/app/utils/reducerInjectors.js": {"path":"/home/developer/IdeaProjects/react-redux-boilerplate/app/utils/reducerInjectors.js","statementMap":{"0":{"start":{"line":10,"column":2},"end":{"line":23,"column":4}},"1":{"start":{"line":11,"column":4},"end":{"line":11,"column":36}},"2":{"start":{"line":11,"column":18},"end":{"line":11,"column":36}},"3":{"start":{"line":13,"column":4},"end":{"line":16,"column":6}},"4":{"start":{"line":19,"column":4},"end":{"line":19,"column":100}},"5":{"start":{"line":19,"column":93},"end":{"line":19,"column":100}},"6":{"start":{"line":21,"column":4},"end":{"line":21,"column":42}},"7":{"start":{"line":22,"column":4},"end":{"line":22,"column":64}},"8":{"start":{"line":27,"column":2},"end":{"line":27,"column":20}},"9":{"start":{"line":29,"column":2},"end":{"line":31,"column":4}}},"fnMap":{"0":{"name":"injectReducerFactory","decl":{"start":{"line":9,"column":16},"end":{"line":9,"column":36}},"loc":{"start":{"line":9,"column":53},"end":{"line":24,"column":1}},"line":9},"1":{"name":"injectReducer","decl":{"start":{"line":10,"column":18},"end":{"line":10,"column":31}},"loc":{"start":{"line":10,"column":46},"end":{"line":23,"column":3}},"line":10},"2":{"name":"getInjectors","decl":{"start":{"line":26,"column":24},"end":{"line":26,"column":36}},"loc":{"start":{"line":26,"column":44},"end":{"line":32,"column":1}},"line":26}},"branchMap":{"0":{"loc":{"start":{"line":11,"column":4},"end":{"line":11,"column":36}},"type":"if","locations":[{"start":{"line":11,"column":4},"end":{"line":11,"column":36}},{"start":{"line":11,"column":4},"end":{"line":11,"column":36}}],"line":11},"1":{"loc":{"start":{"line":14,"column":6},"end":{"line":14,"column":59}},"type":"binary-expr","locations":[{"start":{"line":14,"column":6},"end":{"line":14,"column":19}},{"start":{"line":14,"column":23},"end":{"line":14,"column":36}},{"start":{"line":14,"column":40},"end":{"line":14,"column":59}}],"line":14},"2":{"loc":{"start":{"line":19,"column":4},"end":{"line":19,"column":100}},"type":"if","locations":[{"start":{"line":19,"column":4},"end":{"line":19,"column":100}},{"start":{"line":19,"column":4},"end":{"line":19,"column":100}}],"line":19},"3":{"loc":{"start":{"line":19,"column":8},"end":{"line":19,"column":91}},"type":"binary-expr","locations":[{"start":{"line":19,"column":8},"end":{"line":19,"column":48}},{"start":{"line":19,"column":52},"end":{"line":19,"column":91}}],"line":19}},"s":{"0":8,"1":10,"2":1,"3":9,"4":6,"5":1,"6":5,"7":5,"8":2,"9":1},"f":{"0":8,"1":10,"2":2},"b":{"0":[1,9],"1":[9,7,6],"2":[1,5],"3":[6,2]},"_coverageSchema":"332fd63041d2c1bcb487cc26dd0d5f7d97098a6c","hash":"1afded22b9f29d21508760e5b401a1a2a9c9ddae"}
,"/home/developer/IdeaProjects/react-redux-boilerplate/app/utils/request.js": {"path":"/home/developer/IdeaProjects/react-redux-boilerplate/app/utils/request.js","statementMap":{"0":{"start":{"line":11,"column":2},"end":{"line":13,"column":3}},"1":{"start":{"line":12,"column":4},"end":{"line":12,"column":16}},"2":{"start":{"line":14,"column":2},"end":{"line":14,"column":25}},"3":{"start":{"line":25,"column":2},"end":{"line":27,"column":3}},"4":{"start":{"line":26,"column":4},"end":{"line":26,"column":20}},"5":{"start":{"line":29,"column":16},"end":{"line":29,"column":46}},"6":{"start":{"line":30,"column":2},"end":{"line":30,"column":28}},"7":{"start":{"line":31,"column":2},"end":{"line":31,"column":14}},"8":{"start":{"line":43,"column":2},"end":{"line":45,"column":21}}},"fnMap":{"0":{"name":"parseJSON","decl":{"start":{"line":10,"column":9},"end":{"line":10,"column":18}},"loc":{"start":{"line":10,"column":29},"end":{"line":15,"column":1}},"line":10},"1":{"name":"checkStatus","decl":{"start":{"line":24,"column":9},"end":{"line":24,"column":20}},"loc":{"start":{"line":24,"column":31},"end":{"line":32,"column":1}},"line":24},"2":{"name":"request","decl":{"start":{"line":42,"column":24},"end":{"line":42,"column":31}},"loc":{"start":{"line":42,"column":46},"end":{"line":46,"column":1}},"line":42}},"branchMap":{"0":{"loc":{"start":{"line":11,"column":2},"end":{"line":13,"column":3}},"type":"if","locations":[{"start":{"line":11,"column":2},"end":{"line":13,"column":3}},{"start":{"line":11,"column":2},"end":{"line":13,"column":3}}],"line":11},"1":{"loc":{"start":{"line":11,"column":6},"end":{"line":11,"column":56}},"type":"binary-expr","locations":[{"start":{"line":11,"column":6},"end":{"line":11,"column":29}},{"start":{"line":11,"column":33},"end":{"line":11,"column":56}}],"line":11},"2":{"loc":{"start":{"line":25,"column":2},"end":{"line":27,"column":3}},"type":"if","locations":[{"start":{"line":25,"column":2},"end":{"line":27,"column":3}},{"start":{"line":25,"column":2},"end":{"line":27,"column":3}}],"line":25},"3":{"loc":{"start":{"line":25,"column":6},"end":{"line":25,"column":53}},"type":"binary-expr","locations":[{"start":{"line":25,"column":6},"end":{"line":25,"column":28}},{"start":{"line":25,"column":32},"end":{"line":25,"column":53}}],"line":25}},"s":{"0":2,"1":1,"2":1,"3":3,"4":2,"5":1,"6":1,"7":1,"8":3},"f":{"0":2,"1":3,"2":3},"b":{"0":[1,1],"1":[2,1],"2":[2,1],"3":[3,3]},"_coverageSchema":"332fd63041d2c1bcb487cc26dd0d5f7d97098a6c","hash":"676bebd5c0715ceb9f2b7a036ac0d7b5ce2a81c1"}
,"/home/developer/IdeaProjects/react-redux-boilerplate/app/utils/sagaInjectors.js": {"path":"/home/developer/IdeaProjects/react-redux-boilerplate/app/utils/sagaInjectors.js","statementMap":{"0":{"start":{"line":14,"column":21},"end":{"line":14,"column":68}},"1":{"start":{"line":16,"column":17},"end":{"line":19,"column":1}},"2":{"start":{"line":16,"column":26},"end":{"line":19,"column":1}},"3":{"start":{"line":21,"column":24},"end":{"line":30,"column":1}},"4":{"start":{"line":22,"column":16},"end":{"line":25,"column":3}},"5":{"start":{"line":24,"column":20},"end":{"line":24,"column":65}},"6":{"start":{"line":26,"column":2},"end":{"line":29,"column":4}},"7":{"start":{"line":33,"column":2},"end":{"line":56,"column":4}},"8":{"start":{"line":34,"column":4},"end":{"line":34,"column":36}},"9":{"start":{"line":34,"column":18},"end":{"line":34,"column":36}},"10":{"start":{"line":36,"column":26},"end":{"line":36,"column":88}},"11":{"start":{"line":37,"column":27},"end":{"line":37,"column":40}},"12":{"start":{"line":39,"column":4},"end":{"line":39,"column":18}},"13":{"start":{"line":40,"column":4},"end":{"line":40,"column":35}},"14":{"start":{"line":42,"column":18},"end":{"line":42,"column":55}},"15":{"start":{"line":44,"column":4},"end":{"line":51,"column":5}},"16":{"start":{"line":45,"column":28},"end":{"line":45,"column":52}},"17":{"start":{"line":47,"column":6},"end":{"line":50,"column":7}},"18":{"start":{"line":48,"column":8},"end":{"line":48,"column":36}},"19":{"start":{"line":49,"column":8},"end":{"line":49,"column":24}},"20":{"start":{"line":53,"column":4},"end":{"line":55,"column":5}},"21":{"start":{"line":54,"column":6},"end":{"line":54,"column":87}},"22":{"start":{"line":60,"column":2},"end":{"line":76,"column":4}},"23":{"start":{"line":61,"column":4},"end":{"line":61,"column":36}},"24":{"start":{"line":61,"column":18},"end":{"line":61,"column":36}},"25":{"start":{"line":63,"column":4},"end":{"line":63,"column":18}},"26":{"start":{"line":65,"column":4},"end":{"line":75,"column":5}},"27":{"start":{"line":66,"column":25},"end":{"line":66,"column":49}},"28":{"start":{"line":67,"column":6},"end":{"line":74,"column":7}},"29":{"start":{"line":68,"column":8},"end":{"line":68,"column":33}},"30":{"start":{"line":70,"column":8},"end":{"line":73,"column":9}},"31":{"start":{"line":72,"column":10},"end":{"line":72,"column":44}},"32":{"start":{"line":80,"column":2},"end":{"line":80,"column":20}},"33":{"start":{"line":82,"column":2},"end":{"line":85,"column":4}}},"fnMap":{"0":{"name":"(anonymous_0)","decl":{"start":{"line":16,"column":17},"end":{"line":16,"column":18}},"loc":{"start":{"line":16,"column":26},"end":{"line":19,"column":1}},"line":16},"1":{"name":"(anonymous_1)","decl":{"start":{"line":21,"column":24},"end":{"line":21,"column":25}},"loc":{"start":{"line":21,"column":40},"end":{"line":30,"column":1}},"line":21},"2":{"name":"(anonymous_2)","decl":{"start":{"line":24,"column":10},"end":{"line":24,"column":11}},"loc":{"start":{"line":24,"column":20},"end":{"line":24,"column":65}},"line":24},"3":{"name":"injectSagaFactory","decl":{"start":{"line":32,"column":16},"end":{"line":32,"column":33}},"loc":{"start":{"line":32,"column":50},"end":{"line":57,"column":1}},"line":32},"4":{"name":"injectSaga","decl":{"start":{"line":33,"column":18},"end":{"line":33,"column":28}},"loc":{"start":{"line":33,"column":57},"end":{"line":56,"column":3}},"line":33},"5":{"name":"ejectSagaFactory","decl":{"start":{"line":59,"column":16},"end":{"line":59,"column":32}},"loc":{"start":{"line":59,"column":49},"end":{"line":77,"column":1}},"line":59},"6":{"name":"ejectSaga","decl":{"start":{"line":60,"column":18},"end":{"line":60,"column":27}},"loc":{"start":{"line":60,"column":33},"end":{"line":76,"column":3}},"line":60},"7":{"name":"getInjectors","decl":{"start":{"line":79,"column":24},"end":{"line":79,"column":36}},"loc":{"start":{"line":79,"column":44},"end":{"line":86,"column":1}},"line":79}},"branchMap":{"0":{"loc":{"start":{"line":17,"column":2},"end":{"line":17,"column":32}},"type":"binary-expr","locations":[{"start":{"line":17,"column":2},"end":{"line":17,"column":15}},{"start":{"line":17,"column":19},"end":{"line":17,"column":32}}],"line":17},"1":{"loc":{"start":{"line":24,"column":20},"end":{"line":24,"column":65}},"type":"binary-expr","locations":[{"start":{"line":24,"column":20},"end":{"line":24,"column":34}},{"start":{"line":24,"column":38},"end":{"line":24,"column":65}}],"line":24},"2":{"loc":{"start":{"line":33,"column":34},"end":{"line":33,"column":49}},"type":"default-arg","locations":[{"start":{"line":33,"column":47},"end":{"line":33,"column":49}}],"line":33},"3":{"loc":{"start":{"line":34,"column":4},"end":{"line":34,"column":36}},"type":"if","locations":[{"start":{"line":34,"column":4},"end":{"line":34,"column":36}},{"start":{"line":34,"column":4},"end":{"line":34,"column":36}}],"line":34},"4":{"loc":{"start":{"line":36,"column":49},"end":{"line":36,"column":86}},"type":"binary-expr","locations":[{"start":{"line":36,"column":49},"end":{"line":36,"column":64}},{"start":{"line":36,"column":68},"end":{"line":36,"column":86}}],"line":36},"5":{"loc":{"start":{"line":44,"column":4},"end":{"line":51,"column":5}},"type":"if","locations":[{"start":{"line":44,"column":4},"end":{"line":51,"column":5}},{"start":{"line":44,"column":4},"end":{"line":51,"column":5}}],"line":44},"6":{"loc":{"start":{"line":47,"column":6},"end":{"line":50,"column":7}},"type":"if","locations":[{"start":{"line":47,"column":6},"end":{"line":50,"column":7}},{"start":{"line":47,"column":6},"end":{"line":50,"column":7}}],"line":47},"7":{"loc":{"start":{"line":47,"column":10},"end":{"line":47,"column":48}},"type":"binary-expr","locations":[{"start":{"line":47,"column":10},"end":{"line":47,"column":17}},{"start":{"line":47,"column":21},"end":{"line":47,"column":48}}],"line":47},"8":{"loc":{"start":{"line":53,"column":4},"end":{"line":55,"column":5}},"type":"if","locations":[{"start":{"line":53,"column":4},"end":{"line":55,"column":5}},{"start":{"line":53,"column":4},"end":{"line":55,"column":5}}],"line":53},"9":{"loc":{"start":{"line":53,"column":8},"end":{"line":53,"column":78}},"type":"binary-expr","locations":[{"start":{"line":53,"column":8},"end":{"line":53,"column":16}},{"start":{"line":53,"column":21},"end":{"line":53,"column":28}},{"start":{"line":53,"column":32},"end":{"line":53,"column":47}},{"start":{"line":53,"column":51},"end":{"line":53,"column":77}}],"line":53},"10":{"loc":{"start":{"line":61,"column":4},"end":{"line":61,"column":36}},"type":"if","locations":[{"start":{"line":61,"column":4},"end":{"line":61,"column":36}},{"start":{"line":61,"column":4},"end":{"line":61,"column":36}}],"line":61},"11":{"loc":{"start":{"line":65,"column":4},"end":{"line":75,"column":5}},"type":"if","locations":[{"start":{"line":65,"column":4},"end":{"line":75,"column":5}},{"start":{"line":65,"column":4},"end":{"line":75,"column":5}}],"line":65},"12":{"loc":{"start":{"line":67,"column":6},"end":{"line":74,"column":7}},"type":"if","locations":[{"start":{"line":67,"column":6},"end":{"line":74,"column":7}},{"start":{"line":67,"column":6},"end":{"line":74,"column":7}}],"line":67},"13":{"loc":{"start":{"line":70,"column":8},"end":{"line":73,"column":9}},"type":"if","locations":[{"start":{"line":70,"column":8},"end":{"line":73,"column":9}},{"start":{"line":70,"column":8},"end":{"line":73,"column":9}}],"line":70}},"s":{"0":3,"1":3,"2":36,"3":3,"4":24,"5":24,"6":24,"7":21,"8":27,"9":1,"10":26,"11":26,"12":26,"13":24,"14":20,"15":20,"16":16,"17":16,"18":1,"19":1,"20":20,"21":15,"22":21,"23":11,"24":1,"25":10,"26":8,"27":7,"28":7,"29":4,"30":4,"31":2,"32":2,"33":1},"f":{"0":36,"1":24,"2":24,"3":21,"4":27,"5":21,"6":11,"7":2},"b":{"0":[36,34],"1":[24,23],"2":[1],"3":[1,26],"4":[26,10],"5":[16,4],"6":[1,15],"7":[16,5],"8":[15,5],"9":[20,5,5,2],"10":[1,10],"11":[7,1],"12":[4,3],"13":[2,2]},"_coverageSchema":"332fd63041d2c1bcb487cc26dd0d5f7d97098a6c","hash":"c7d9b2682330915144520e1afddf498cb6a25759"}
}
