TN:
SF:/home/developer/IdeaProjects/react-redux-boilerplate/app/configureStore.js
FN:13,configureStore
FNF:1
FNH:1
FNDA:38,configureStore
DA:11,5
DA:17,38
DA:22,38
DA:29,38
DA:40,38
DA:47,38
DA:48,38
DA:49,38
DA:59,38
LF:9
LH:9
BRDA:13,0,0,1
BRDA:29,1,0,1
BRDA:29,1,1,37
BRDA:29,2,0,38
BRDA:29,2,1,38
BRDA:29,2,2,38
BRF:6
BRH:6
end_of_record
TN:
SF:/home/developer/IdeaProjects/react-redux-boilerplate/app/reducers.js
FN:27,routeReducer
FN:42,createReducer
FNF:2
FNH:2
FNDA:48,routeReducer
FNDA:43,createReducer
DA:20,6
DA:28,48
DA:35,48
DA:43,43
LF:4
LH:4
BRDA:27,0,0,38
BRDA:28,1,0,48
BRF:2
BRH:2
end_of_record
TN:
SF:/home/developer/IdeaProjects/react-redux-boilerplate/app/components/Footer/Footer.js
FN:4,(anonymous_0)
FNF:1
FNH:1
FNDA:2,(anonymous_0)
DA:4,2
DA:5,2
LF:2
LH:2
BRF:0
BRH:0
end_of_record
TN:
SF:/home/developer/IdeaProjects/react-redux-boilerplate/app/components/Footer/index.js
FNF:0
FNH:0
LF:0
LH:0
BRF:0
BRH:0
end_of_record
TN:
SF:/home/developer/IdeaProjects/react-redux-boilerplate/app/components/Header/Header.js
FN:7,(anonymous_0)
FNF:1
FNH:1
FNDA:1,(anonymous_0)
DA:8,1
LF:1
LH:1
BRF:0
BRH:0
end_of_record
TN:
SF:/home/developer/IdeaProjects/react-redux-boilerplate/app/components/Header/index.js
FNF:0
FNH:0
LF:0
LH:0
BRF:0
BRH:0
end_of_record
TN:
SF:/home/developer/IdeaProjects/react-redux-boilerplate/app/components/Icons/index.js
FNF:0
FNH:0
LF:0
LH:0
BRF:0
BRH:0
end_of_record
TN:
SF:/home/developer/IdeaProjects/react-redux-boilerplate/app/components/Icons/IssueIcon/IssueIcon.js
FN:4,(anonymous_0)
FNF:1
FNH:1
FNDA:6,(anonymous_0)
DA:4,4
DA:5,6
DA:10,4
LF:3
LH:3
BRF:0
BRH:0
end_of_record
TN:
SF:/home/developer/IdeaProjects/react-redux-boilerplate/app/components/Icons/IssueIcon/index.js
FNF:0
FNH:0
LF:0
LH:0
BRF:0
BRH:0
end_of_record
TN:
SF:/home/developer/IdeaProjects/react-redux-boilerplate/app/components/List/List.js
FN:5,(anonymous_0)
FN:11,(anonymous_1)
FNF:2
FNH:2
FNDA:6,(anonymous_0)
FNDA:2,(anonymous_1)
DA:5,3
DA:6,6
DA:7,6
DA:10,6
DA:11,1
DA:12,2
DA:16,5
DA:19,6
DA:28,3
LF:9
LH:9
BRDA:10,0,0,1
BRDA:10,0,1,5
BRF:2
BRH:2
end_of_record
TN:
SF:/home/developer/IdeaProjects/react-redux-boilerplate/app/components/List/index.js
FNF:0
FNH:0
LF:0
LH:0
BRF:0
BRH:0
end_of_record
TN:
SF:/home/developer/IdeaProjects/react-redux-boilerplate/app/components/ListItem/ListItem.js
FN:5,(anonymous_0)
FNF:1
FNH:1
FNDA:11,(anonymous_0)
DA:5,5
DA:6,11
DA:11,5
LF:3
LH:3
BRF:0
BRH:0
end_of_record
TN:
SF:/home/developer/IdeaProjects/react-redux-boilerplate/app/components/ListItem/index.js
FNF:0
FNH:0
LF:0
LH:0
BRF:0
BRH:0
end_of_record
TN:
SF:/home/developer/IdeaProjects/react-redux-boilerplate/app/components/LoadingIndicator/LoadingIndicator.js
FN:4,(anonymous_0)
FNF:1
FNH:1
FNDA:1,(anonymous_0)
DA:4,4
DA:5,1
LF:2
LH:2
BRF:0
BRH:0
end_of_record
TN:
SF:/home/developer/IdeaProjects/react-redux-boilerplate/app/components/LoadingIndicator/index.js
FNF:0
FNH:0
LF:0
LH:0
BRF:0
BRH:0
end_of_record
TN:
SF:/home/developer/IdeaProjects/react-redux-boilerplate/app/components/ReposList/ReposList.js
FN:9,(anonymous_0)
FN:15,(anonymous_1)
FNF:2
FNH:2
FNDA:7,(anonymous_0)
FNDA:4,(anonymous_1)
DA:9,2
DA:10,7
DA:11,1
DA:14,6
DA:15,4
DA:16,4
DA:18,4
DA:21,2
DA:22,1
DA:25,1
DA:28,2
LF:11
LH:11
BRDA:10,0,0,1
BRDA:10,0,1,6
BRDA:14,1,0,4
BRDA:14,1,1,2
BRDA:21,2,0,1
BRDA:21,2,1,1
BRF:6
BRH:6
end_of_record
TN:
SF:/home/developer/IdeaProjects/react-redux-boilerplate/app/components/ReposList/index.js
FNF:0
FNH:0
LF:0
LH:0
BRF:0
BRH:0
end_of_record
TN:
SF:/home/developer/IdeaProjects/react-redux-boilerplate/app/containers/App/App.js
FN:20,(anonymous_0)
FNF:1
FNH:1
FNDA:3,(anonymous_0)
DA:20,1
DA:21,3
LF:2
LH:2
BRF:0
BRH:0
end_of_record
TN:
SF:/home/developer/IdeaProjects/react-redux-boilerplate/app/containers/App/actions.js
FN:29,loadRepos
FN:43,reposLoaded
FN:58,repoLoadingError
FNF:3
FNH:3
FNDA:5,loadRepos
FNDA:4,reposLoaded
FNDA:4,repoLoadingError
DA:30,5
DA:44,4
DA:59,4
LF:3
LH:3
BRF:0
BRH:0
end_of_record
TN:
SF:/home/developer/IdeaProjects/react-redux-boilerplate/app/containers/App/constants.js
FNF:0
FNH:0
DA:12,9
DA:13,9
DA:14,9
DA:15,9
LF:4
LH:4
BRF:0
BRH:0
end_of_record
TN:
SF:/home/developer/IdeaProjects/react-redux-boilerplate/app/containers/App/index.js
FNF:0
FNH:0
LF:0
LH:0
BRF:0
BRH:0
end_of_record
TN:
SF:/home/developer/IdeaProjects/react-redux-boilerplate/app/containers/App/reducer.js
FN:31,appReducer
FNF:1
FNH:1
FNDA:52,appReducer
DA:22,7
DA:32,52
DA:34,1
DA:39,1
DA:44,1
DA:48,49
LF:6
LH:6
BRDA:31,0,0,39
BRDA:32,1,0,1
BRDA:32,1,1,1
BRDA:32,1,2,1
BRDA:32,1,3,49
BRF:5
BRH:5
end_of_record
TN:
SF:/home/developer/IdeaProjects/react-redux-boilerplate/app/containers/App/selectors.js
FN:7,(anonymous_0)
FN:9,(anonymous_1)
FN:11,(anonymous_2)
FN:13,(anonymous_3)
FN:16,(anonymous_4)
FN:18,(anonymous_5)
FN:21,(anonymous_6)
FN:23,(anonymous_7)
FN:26,(anonymous_8)
FN:28,(anonymous_9)
FN:31,(anonymous_10)
FN:33,(anonymous_11)
FNF:12
FNH:12
FNDA:5,(anonymous_0)
FNDA:1,(anonymous_1)
FNDA:3,(anonymous_2)
FNDA:1,(anonymous_3)
FNDA:2,(anonymous_4)
FNDA:1,(anonymous_5)
FNDA:2,(anonymous_6)
FNDA:1,(anonymous_7)
FNDA:2,(anonymous_8)
FNDA:1,(anonymous_9)
FNDA:1,(anonymous_10)
FNDA:1,(anonymous_11)
DA:7,5
DA:9,3
DA:11,3
DA:13,1
DA:16,3
DA:18,1
DA:21,3
DA:23,1
DA:26,3
DA:28,1
DA:31,3
DA:33,1
LF:12
LH:12
BRF:0
BRH:0
end_of_record
TN:
SF:/home/developer/IdeaProjects/react-redux-boilerplate/app/containers/FeaturePage/FeaturePage.js
FN:15,(anonymous_0)
FN:19,(anonymous_1)
FNF:2
FNH:2
FNDA:1,(anonymous_0)
FNDA:2,(anonymous_1)
DA:16,1
DA:20,2
LF:2
LH:2
BRF:0
BRH:0
end_of_record
TN:
SF:/home/developer/IdeaProjects/react-redux-boilerplate/app/containers/FeaturePage/index.js
FNF:0
FNH:0
LF:0
LH:0
BRF:0
BRH:0
end_of_record
TN:
SF:/home/developer/IdeaProjects/react-redux-boilerplate/app/containers/HomePage/HomePage.js
FN:17,(anonymous_0)
FN:23,(anonymous_1)
FNF:2
FNH:2
FNDA:4,(anonymous_0)
FNDA:4,(anonymous_1)
DA:18,4
DA:19,1
DA:24,4
DA:25,4
DA:31,4
DA:65,1
LF:6
LH:6
BRDA:18,0,0,1
BRDA:18,0,1,3
BRDA:18,1,0,4
BRDA:18,1,1,1
BRF:4
BRH:4
end_of_record
TN:
SF:/home/developer/IdeaProjects/react-redux-boilerplate/app/containers/HomePage/actions.js
FN:27,changeUsername
FNF:1
FNH:1
FNDA:4,changeUsername
DA:28,4
LF:1
LH:1
BRF:0
BRH:0
end_of_record
TN:
SF:/home/developer/IdeaProjects/react-redux-boilerplate/app/containers/HomePage/constants.js
FNF:0
FNH:0
DA:12,3
LF:1
LH:1
BRF:0
BRH:0
end_of_record
TN:
SF:/home/developer/IdeaProjects/react-redux-boilerplate/app/containers/HomePage/index.js
FN:18,(anonymous_0)
FN:19,(anonymous_1)
FN:20,(anonymous_2)
FNF:3
FNH:3
FNDA:5,(anonymous_0)
FNDA:1,(anonymous_1)
FNDA:2,(anonymous_2)
DA:18,5
DA:19,1
DA:21,2
DA:22,2
DA:26,1
DA:33,1
DA:35,1
DA:36,1
LF:8
LH:8
BRDA:21,0,0,1
BRDA:21,0,1,1
BRDA:21,1,0,2
BRDA:21,1,1,1
BRF:4
BRH:4
end_of_record
TN:
SF:/home/developer/IdeaProjects/react-redux-boilerplate/app/containers/HomePage/reducer.js
FN:21,homeReducer
FNF:1
FNH:1
FNDA:2,homeReducer
DA:17,2
DA:22,2
DA:25,1
DA:27,1
LF:4
LH:4
BRDA:21,0,0,1
BRDA:22,1,0,1
BRDA:22,1,1,1
BRF:3
BRH:3
end_of_record
TN:
SF:/home/developer/IdeaProjects/react-redux-boilerplate/app/containers/HomePage/saga.js
FN:15,getRepos
FN:32,githubData
FNF:2
FNH:2
FNDA:2,getRepos
FNDA:1,githubData
DA:17,2
DA:18,2
DA:20,2
DA:22,2
DA:23,1
DA:25,1
DA:37,1
LF:7
LH:7
BRF:0
BRH:0
end_of_record
TN:
SF:/home/developer/IdeaProjects/react-redux-boilerplate/app/containers/HomePage/selectors.js
FN:7,(anonymous_0)
FN:9,(anonymous_1)
FN:11,(anonymous_2)
FNF:3
FNH:3
FNDA:2,(anonymous_0)
FNDA:4,(anonymous_1)
FNDA:1,(anonymous_2)
DA:7,3
DA:9,4
DA:11,1
LF:3
LH:3
BRF:0
BRH:0
end_of_record
TN:
SF:/home/developer/IdeaProjects/react-redux-boilerplate/app/containers/NotFoundPage/NotFoundPage.js
FN:10,NotFound
FNF:1
FNH:1
FNDA:1,NotFound
DA:11,1
LF:1
LH:1
BRF:0
BRH:0
end_of_record
TN:
SF:/home/developer/IdeaProjects/react-redux-boilerplate/app/containers/NotFoundPage/index.js
FNF:0
FNH:0
LF:0
LH:0
BRF:0
BRH:0
end_of_record
TN:
SF:/home/developer/IdeaProjects/react-redux-boilerplate/app/containers/RepoListItem/RepoListItem.js
FN:14,(anonymous_0)
FNF:1
FNH:1
FNDA:6,(anonymous_0)
DA:15,6
DA:16,6
DA:20,6
DA:21,5
DA:26,6
DA:38,6
DA:44,3
LF:7
LH:7
BRDA:20,0,0,5
BRDA:20,0,1,1
BRF:2
BRH:2
end_of_record
TN:
SF:/home/developer/IdeaProjects/react-redux-boilerplate/app/containers/RepoListItem/index.js
FNF:0
FNH:0
LF:0
LH:0
BRF:0
BRH:0
end_of_record
TN:
SF:/home/developer/IdeaProjects/react-redux-boilerplate/app/utils/checkStore.js
FN:9,checkStore
FNF:1
FNH:1
FNDA:13,checkStore
DA:10,13
DA:19,13
LF:2
LH:2
BRF:0
BRH:0
end_of_record
TN:
SF:/home/developer/IdeaProjects/react-redux-boilerplate/app/utils/constants.js
FNF:0
FNH:0
DA:1,3
DA:2,3
DA:3,3
LF:3
LH:3
BRF:0
BRH:0
end_of_record
TN:
SF:/home/developer/IdeaProjects/react-redux-boilerplate/app/utils/injectReducer.js
FN:14,(anonymous_0)
FN:14,(anonymous_1)
FN:22,(anonymous_2)
FN:30,(anonymous_3)
FNF:4
FNH:4
FNDA:5,(anonymous_0)
FNDA:5,(anonymous_1)
FNDA:2,(anonymous_2)
FNDA:2,(anonymous_3)
DA:14,5
DA:23,2
DA:25,2
DA:31,2
DA:35,5
LF:5
LH:5
BRDA:20,0,0,5
BRDA:20,0,1,4
BRDA:20,0,2,1
BRF:3
BRH:3
end_of_record
TN:
SF:/home/developer/IdeaProjects/react-redux-boilerplate/app/utils/injectSaga.js
FN:18,(anonymous_0)
FN:18,(anonymous_1)
FN:26,(anonymous_2)
FN:32,(anonymous_3)
FN:40,(anonymous_4)
FNF:5
FNH:5
FNDA:6,(anonymous_0)
FNDA:6,(anonymous_1)
FNDA:3,(anonymous_2)
FNDA:1,(anonymous_3)
FNDA:3,(anonymous_4)
DA:18,6
DA:27,3
DA:29,3
DA:33,1
DA:35,1
DA:41,3
DA:45,6
LF:7
LH:7
BRDA:24,0,0,6
BRDA:24,0,1,5
BRDA:24,0,2,1
BRF:3
BRH:3
end_of_record
TN:
SF:/home/developer/IdeaProjects/react-redux-boilerplate/app/utils/reducerInjectors.js
FN:9,injectReducerFactory
FN:10,injectReducer
FN:26,getInjectors
FNF:3
FNH:3
FNDA:8,injectReducerFactory
FNDA:10,injectReducer
FNDA:2,getInjectors
DA:10,8
DA:11,10
DA:13,9
DA:19,6
DA:21,5
DA:22,5
DA:27,2
DA:29,1
LF:8
LH:8
BRDA:11,0,0,1
BRDA:11,0,1,9
BRDA:14,1,0,9
BRDA:14,1,1,7
BRDA:14,1,2,6
BRDA:19,2,0,1
BRDA:19,2,1,5
BRDA:19,3,0,6
BRDA:19,3,1,2
BRF:9
BRH:9
end_of_record
TN:
SF:/home/developer/IdeaProjects/react-redux-boilerplate/app/utils/request.js
FN:10,parseJSON
FN:24,checkStatus
FN:42,request
FNF:3
FNH:3
FNDA:2,parseJSON
FNDA:3,checkStatus
FNDA:3,request
DA:11,2
DA:12,1
DA:14,1
DA:25,3
DA:26,2
DA:29,1
DA:30,1
DA:31,1
DA:43,3
LF:9
LH:9
BRDA:11,0,0,1
BRDA:11,0,1,1
BRDA:11,1,0,2
BRDA:11,1,1,1
BRDA:25,2,0,2
BRDA:25,2,1,1
BRDA:25,3,0,3
BRDA:25,3,1,3
BRF:8
BRH:8
end_of_record
TN:
SF:/home/developer/IdeaProjects/react-redux-boilerplate/app/utils/sagaInjectors.js
FN:16,(anonymous_0)
FN:21,(anonymous_1)
FN:24,(anonymous_2)
FN:32,injectSagaFactory
FN:33,injectSaga
FN:59,ejectSagaFactory
FN:60,ejectSaga
FN:79,getInjectors
FNF:8
FNH:8
FNDA:36,(anonymous_0)
FNDA:24,(anonymous_1)
FNDA:24,(anonymous_2)
FNDA:21,injectSagaFactory
FNDA:27,injectSaga
FNDA:21,ejectSagaFactory
FNDA:11,ejectSaga
FNDA:2,getInjectors
DA:14,3
DA:16,36
DA:21,3
DA:22,24
DA:24,24
DA:26,24
DA:33,21
DA:34,27
DA:36,26
DA:37,26
DA:39,26
DA:40,24
DA:42,20
DA:44,20
DA:45,16
DA:47,16
DA:48,1
DA:49,1
DA:53,20
DA:54,15
DA:60,21
DA:61,11
DA:63,10
DA:65,8
DA:66,7
DA:67,7
DA:68,4
DA:70,4
DA:72,2
DA:80,2
DA:82,1
LF:31
LH:31
BRDA:17,0,0,36
BRDA:17,0,1,34
BRDA:24,1,0,24
BRDA:24,1,1,23
BRDA:33,2,0,1
BRDA:34,3,0,1
BRDA:34,3,1,26
BRDA:36,4,0,26
BRDA:36,4,1,10
BRDA:44,5,0,16
BRDA:44,5,1,4
BRDA:47,6,0,1
BRDA:47,6,1,15
BRDA:47,7,0,16
BRDA:47,7,1,5
BRDA:53,8,0,15
BRDA:53,8,1,5
BRDA:53,9,0,20
BRDA:53,9,1,5
BRDA:53,9,2,5
BRDA:53,9,3,2
BRDA:61,10,0,1
BRDA:61,10,1,10
BRDA:65,11,0,7
BRDA:65,11,1,1
BRDA:67,12,0,4
BRDA:67,12,1,3
BRDA:70,13,0,2
BRDA:70,13,1,2
BRF:29
BRH:29
end_of_record
